<?xml version="1.0" encoding="UTF-8"?>
<!-- Generated by org.testng.reporters.JUnitReportReporter -->
<testsuite hostname="Maxima" failures="0" tests="2" name="Basics.ApiChaining" time="3.944" errors="0" timestamp="2023-03-12T15:00:22 IST" skipped="0">
  <testcase classname="Basics.ApiChaining" name="createUser" time="2.830"/>
  <system-out/>
  <testcase classname="Basics.ApiChaining" name="getUserDetails" time="1.114"/>
  <system-out/>
</testsuite> <!-- Basics.ApiChaining -->
