<?xml version="1.0" encoding="UTF-8"?>
<!-- Generated by org.testng.reporters.JUnitReportReporter -->
<testsuite hostname="Maxima" failures="0" tests="1" name="Basics.GetRequest" time="1.589" errors="0" timestamp="2023-03-13T14:13:13 IST" skipped="0">
  <testcase classname="Basics.GetRequest" name="getUser" time="1.589"/>
  <system-out/>
</testsuite> <!-- Basics.GetRequest -->
